[thetagpu19:3945940] Warning: could not find environment variable "PYTHONPATH"
2021-10-05 11:48:44.269683: I tensorflow/core/platform/cpu_feature_guard.cc:142] This TensorFlow binary is optimized with oneAPI Deep Neural Network Library (oneDNN) to use the following CPU instructions in performance-critical operations:  SSE3 SSE4.1 SSE4.2 AVX AVX2 FMA
To enable them in other operations, rebuild TensorFlow with the appropriate compiler flags.
2021-10-05 11:48:44.284076: I tensorflow/core/platform/cpu_feature_guard.cc:142] This TensorFlow binary is optimized with oneAPI Deep Neural Network Library (oneDNN) to use the following CPU instructions in performance-critical operations:  SSE3 SSE4.1 SSE4.2 AVX AVX2 FMA
To enable them in other operations, rebuild TensorFlow with the appropriate compiler flags.
2021-10-05 11:48:44.948034: I tensorflow/core/common_runtime/gpu/gpu_device.cc:1510] Created device /job:localhost/replica:0/task:0/device:GPU:0 with 38427 MB memory:  -> device: 1, name: A100-SXM4-40GB, pci bus id: 0000:0f:00.0, compute capability: 8.0
2021-10-05 11:48:45.012992: I tensorflow/core/common_runtime/gpu/gpu_device.cc:1510] Created device /job:localhost/replica:0/task:0/device:GPU:0 with 38427 MB memory:  -> device: 0, name: A100-SXM4-40GB, pci bus id: 0000:07:00.0, compute capability: 8.0
2021-10-05 11:48:47.540994: I tensorflow/compiler/mlir/mlir_graph_optimization_pass.cc:185] None of the MLIR Optimization Passes are enabled (registered 2)
2021-10-05 11:48:48.391110: I tensorflow/compiler/mlir/mlir_graph_optimization_pass.cc:185] None of the MLIR Optimization Passes are enabled (registered 2)
2021-10-05 11:48:48.426113: I tensorflow/stream_executor/cuda/cuda_dnn.cc:369] Loaded cuDNN version 8200
2021-10-05 11:48:49.364887: I tensorflow/stream_executor/cuda/cuda_dnn.cc:369] Loaded cuDNN version 8200
2021-10-05 11:48:50.248748: I tensorflow/stream_executor/cuda/cuda_blas.cc:1760] TensorFloat-32 will be used for the matrix multiplication. This will only be logged once.
2021-10-05 11:48:51.345997: I tensorflow/stream_executor/cuda/cuda_blas.cc:1760] TensorFloat-32 will be used for the matrix multiplication. This will only be logged once.
Epoch: 0 	Loss: 126.697 	Time/epoch: 9.43
Epoch: 1 	Loss: 53.954 	Time/epoch: 2.73
Epoch: 2 	Loss: 40.541 	Time/epoch: 2.71
Epoch: 3 	Loss: 35.344 	Time/epoch: 2
Epoch: 4 	Loss: 29.644 	Time/epoch: 1.95
Epoch: 5 	Loss: 25.255 	Time/epoch: 2.7
Epoch: 6 	Loss: 21.339 	Time/epoch: 1.88
Epoch: 7 	Loss: 21.523 	Time/epoch: 1.96
Epoch: 8 	Loss: 19.311 	Time/epoch: 1.95
Epoch: 9 	Loss: 18.092 	Time/epoch: 2.72
Average epoch training time: 2.23 seconds
