[thetagpu19:3927953] Warning: could not find environment variable "PYTHONPATH"
2021-10-05 11:36:45.747822: I tensorflow/core/platform/cpu_feature_guard.cc:142] This TensorFlow binary is optimized with oneAPI Deep Neural Network Library (oneDNN) to use the following CPU instructions in performance-critical operations:  SSE3 SSE4.1 SSE4.2 AVX AVX2 FMA
To enable them in other operations, rebuild TensorFlow with the appropriate compiler flags.
2021-10-05 11:36:45.749704: I tensorflow/core/platform/cpu_feature_guard.cc:142] This TensorFlow binary is optimized with oneAPI Deep Neural Network Library (oneDNN) to use the following CPU instructions in performance-critical operations:  SSE3 SSE4.1 SSE4.2 AVX AVX2 FMA
To enable them in other operations, rebuild TensorFlow with the appropriate compiler flags.
2021-10-05 11:36:45.758764: I tensorflow/core/platform/cpu_feature_guard.cc:142] This TensorFlow binary is optimized with oneAPI Deep Neural Network Library (oneDNN) to use the following CPU instructions in performance-critical operations:  SSE3 SSE4.1 SSE4.2 AVX AVX2 FMA
To enable them in other operations, rebuild TensorFlow with the appropriate compiler flags.
2021-10-05 11:36:45.758968: I tensorflow/core/platform/cpu_feature_guard.cc:142] This TensorFlow binary is optimized with oneAPI Deep Neural Network Library (oneDNN) to use the following CPU instructions in performance-critical operations:  SSE3 SSE4.1 SSE4.2 AVX AVX2 FMA
To enable them in other operations, rebuild TensorFlow with the appropriate compiler flags.
2021-10-05 11:36:45.759947: I tensorflow/core/platform/cpu_feature_guard.cc:142] This TensorFlow binary is optimized with oneAPI Deep Neural Network Library (oneDNN) to use the following CPU instructions in performance-critical operations:  SSE3 SSE4.1 SSE4.2 AVX AVX2 FMA
To enable them in other operations, rebuild TensorFlow with the appropriate compiler flags.
2021-10-05 11:36:45.760059: I tensorflow/core/platform/cpu_feature_guard.cc:142] This TensorFlow binary is optimized with oneAPI Deep Neural Network Library (oneDNN) to use the following CPU instructions in performance-critical operations:  SSE3 SSE4.1 SSE4.2 AVX AVX2 FMA
To enable them in other operations, rebuild TensorFlow with the appropriate compiler flags.
2021-10-05 11:36:45.760111: I tensorflow/core/platform/cpu_feature_guard.cc:142] This TensorFlow binary is optimized with oneAPI Deep Neural Network Library (oneDNN) to use the following CPU instructions in performance-critical operations:  SSE3 SSE4.1 SSE4.2 AVX AVX2 FMA
To enable them in other operations, rebuild TensorFlow with the appropriate compiler flags.
2021-10-05 11:36:45.761650: I tensorflow/core/platform/cpu_feature_guard.cc:142] This TensorFlow binary is optimized with oneAPI Deep Neural Network Library (oneDNN) to use the following CPU instructions in performance-critical operations:  SSE3 SSE4.1 SSE4.2 AVX AVX2 FMA
To enable them in other operations, rebuild TensorFlow with the appropriate compiler flags.
2021-10-05 11:36:46.826954: I tensorflow/core/common_runtime/gpu/gpu_device.cc:1510] Created device /job:localhost/replica:0/task:0/device:GPU:0 with 38427 MB memory:  -> device: 7, name: A100-SXM4-40GB, pci bus id: 0000:bd:00.0, compute capability: 8.0
2021-10-05 11:36:46.832713: I tensorflow/core/common_runtime/gpu/gpu_device.cc:1510] Created device /job:localhost/replica:0/task:0/device:GPU:0 with 38427 MB memory:  -> device: 2, name: A100-SXM4-40GB, pci bus id: 0000:47:00.0, compute capability: 8.0
2021-10-05 11:36:46.845416: I tensorflow/core/common_runtime/gpu/gpu_device.cc:1510] Created device /job:localhost/replica:0/task:0/device:GPU:0 with 38427 MB memory:  -> device: 3, name: A100-SXM4-40GB, pci bus id: 0000:4e:00.0, compute capability: 8.0
2021-10-05 11:36:46.867321: I tensorflow/core/common_runtime/gpu/gpu_device.cc:1510] Created device /job:localhost/replica:0/task:0/device:GPU:0 with 38427 MB memory:  -> device: 0, name: A100-SXM4-40GB, pci bus id: 0000:07:00.0, compute capability: 8.0
2021-10-05 11:36:46.872114: I tensorflow/core/common_runtime/gpu/gpu_device.cc:1510] Created device /job:localhost/replica:0/task:0/device:GPU:0 with 38427 MB memory:  -> device: 1, name: A100-SXM4-40GB, pci bus id: 0000:0f:00.0, compute capability: 8.0
2021-10-05 11:36:46.872739: I tensorflow/core/common_runtime/gpu/gpu_device.cc:1510] Created device /job:localhost/replica:0/task:0/device:GPU:0 with 38427 MB memory:  -> device: 6, name: A100-SXM4-40GB, pci bus id: 0000:b7:00.0, compute capability: 8.0
2021-10-05 11:36:46.877173: I tensorflow/core/common_runtime/gpu/gpu_device.cc:1510] Created device /job:localhost/replica:0/task:0/device:GPU:0 with 38427 MB memory:  -> device: 4, name: A100-SXM4-40GB, pci bus id: 0000:87:00.0, compute capability: 8.0
2021-10-05 11:36:46.880821: I tensorflow/core/common_runtime/gpu/gpu_device.cc:1510] Created device /job:localhost/replica:0/task:0/device:GPU:0 with 38427 MB memory:  -> device: 5, name: A100-SXM4-40GB, pci bus id: 0000:90:00.0, compute capability: 8.0
2021-10-05 11:36:49.069963: I tensorflow/compiler/mlir/mlir_graph_optimization_pass.cc:185] None of the MLIR Optimization Passes are enabled (registered 2)
2021-10-05 11:36:49.069997: I tensorflow/compiler/mlir/mlir_graph_optimization_pass.cc:185] None of the MLIR Optimization Passes are enabled (registered 2)
2021-10-05 11:36:49.070034: I tensorflow/compiler/mlir/mlir_graph_optimization_pass.cc:185] None of the MLIR Optimization Passes are enabled (registered 2)
2021-10-05 11:36:49.106697: I tensorflow/compiler/mlir/mlir_graph_optimization_pass.cc:185] None of the MLIR Optimization Passes are enabled (registered 2)
2021-10-05 11:36:49.107909: I tensorflow/compiler/mlir/mlir_graph_optimization_pass.cc:185] None of the MLIR Optimization Passes are enabled (registered 2)
2021-10-05 11:36:49.124606: I tensorflow/compiler/mlir/mlir_graph_optimization_pass.cc:185] None of the MLIR Optimization Passes are enabled (registered 2)
2021-10-05 11:36:49.143813: I tensorflow/compiler/mlir/mlir_graph_optimization_pass.cc:185] None of the MLIR Optimization Passes are enabled (registered 2)
2021-10-05 11:36:49.160887: I tensorflow/compiler/mlir/mlir_graph_optimization_pass.cc:185] None of the MLIR Optimization Passes are enabled (registered 2)
2021-10-05 11:36:49.941911: I tensorflow/stream_executor/cuda/cuda_dnn.cc:369] Loaded cuDNN version 8200
2021-10-05 11:36:49.943787: I tensorflow/stream_executor/cuda/cuda_dnn.cc:369] Loaded cuDNN version 8200
2021-10-05 11:36:49.946267: I tensorflow/stream_executor/cuda/cuda_dnn.cc:369] Loaded cuDNN version 8200
2021-10-05 11:36:49.961800: I tensorflow/stream_executor/cuda/cuda_dnn.cc:369] Loaded cuDNN version 8200
2021-10-05 11:36:49.962147: I tensorflow/stream_executor/cuda/cuda_dnn.cc:369] Loaded cuDNN version 8200
2021-10-05 11:36:49.968292: I tensorflow/stream_executor/cuda/cuda_dnn.cc:369] Loaded cuDNN version 8200
2021-10-05 11:36:49.979495: I tensorflow/stream_executor/cuda/cuda_dnn.cc:369] Loaded cuDNN version 8200
2021-10-05 11:36:49.984478: I tensorflow/stream_executor/cuda/cuda_dnn.cc:369] Loaded cuDNN version 8200
2021-10-05 11:36:51.708314: I tensorflow/stream_executor/cuda/cuda_blas.cc:1760] TensorFloat-32 will be used for the matrix multiplication. This will only be logged once.
2021-10-05 11:36:51.822085: I tensorflow/stream_executor/cuda/cuda_blas.cc:1760] TensorFloat-32 will be used for the matrix multiplication. This will only be logged once.
2021-10-05 11:36:51.827425: I tensorflow/stream_executor/cuda/cuda_blas.cc:1760] TensorFloat-32 will be used for the matrix multiplication. This will only be logged once.
2021-10-05 11:36:51.831495: I tensorflow/stream_executor/cuda/cuda_blas.cc:1760] TensorFloat-32 will be used for the matrix multiplication. This will only be logged once.
2021-10-05 11:36:51.838504: I tensorflow/stream_executor/cuda/cuda_blas.cc:1760] TensorFloat-32 will be used for the matrix multiplication. This will only be logged once.
2021-10-05 11:36:51.847691: I tensorflow/stream_executor/cuda/cuda_blas.cc:1760] TensorFloat-32 will be used for the matrix multiplication. This will only be logged once.
2021-10-05 11:36:51.862271: I tensorflow/stream_executor/cuda/cuda_blas.cc:1760] TensorFloat-32 will be used for the matrix multiplication. This will only be logged once.
2021-10-05 11:36:51.865314: I tensorflow/stream_executor/cuda/cuda_blas.cc:1760] TensorFloat-32 will be used for the matrix multiplication. This will only be logged once.
Epoch: 0 	Loss: 55.194 	Time/epoch: 10.5
Epoch: 1 	Loss: 17.717 	Time/epoch: 0.542
Epoch: 2 	Loss: 14.503 	Time/epoch: 0.541
Epoch: 3 	Loss: 11.193 	Time/epoch: 0.545
Epoch: 4 	Loss: 9.480 	Time/epoch: 0.549
Epoch: 5 	Loss: 9.972 	Time/epoch: 0.56
Epoch: 6 	Loss: 9.738 	Time/epoch: 0.482
Epoch: 7 	Loss: 8.792 	Time/epoch: 0.531
Epoch: 8 	Loss: 8.571 	Time/epoch: 0.538
Epoch: 9 	Loss: 7.436 	Time/epoch: 0.476
Average epoch training time: 0.528 seconds
