[thetagpu19:3914902] Warning: could not find environment variable "PYTHONPATH"
2021-10-05 11:27:35.478079: I tensorflow/core/platform/cpu_feature_guard.cc:142] This TensorFlow binary is optimized with oneAPI Deep Neural Network Library (oneDNN) to use the following CPU instructions in performance-critical operations:  SSE3 SSE4.1 SSE4.2 AVX AVX2 FMA
To enable them in other operations, rebuild TensorFlow with the appropriate compiler flags.
2021-10-05 11:27:35.505129: I tensorflow/core/platform/cpu_feature_guard.cc:142] This TensorFlow binary is optimized with oneAPI Deep Neural Network Library (oneDNN) to use the following CPU instructions in performance-critical operations:  SSE3 SSE4.1 SSE4.2 AVX AVX2 FMA
To enable them in other operations, rebuild TensorFlow with the appropriate compiler flags.
2021-10-05 11:27:36.142466: I tensorflow/core/common_runtime/gpu/gpu_device.cc:1510] Created device /job:localhost/replica:0/task:0/device:GPU:0 with 38427 MB memory:  -> device: 1, name: A100-SXM4-40GB, pci bus id: 0000:0f:00.0, compute capability: 8.0
2021-10-05 11:27:36.203173: I tensorflow/core/common_runtime/gpu/gpu_device.cc:1510] Created device /job:localhost/replica:0/task:0/device:GPU:0 with 38427 MB memory:  -> device: 0, name: A100-SXM4-40GB, pci bus id: 0000:07:00.0, compute capability: 8.0
2021-10-05 11:27:38.862970: I tensorflow/compiler/mlir/mlir_graph_optimization_pass.cc:185] None of the MLIR Optimization Passes are enabled (registered 2)
2021-10-05 11:27:39.450307: I tensorflow/compiler/mlir/mlir_graph_optimization_pass.cc:185] None of the MLIR Optimization Passes are enabled (registered 2)
2021-10-05 11:27:39.755141: I tensorflow/stream_executor/cuda/cuda_dnn.cc:369] Loaded cuDNN version 8200
2021-10-05 11:27:40.431014: I tensorflow/stream_executor/cuda/cuda_dnn.cc:369] Loaded cuDNN version 8200
2021-10-05 11:27:41.565338: I tensorflow/stream_executor/cuda/cuda_blas.cc:1760] TensorFloat-32 will be used for the matrix multiplication. This will only be logged once.
2021-10-05 11:27:42.471335: I tensorflow/stream_executor/cuda/cuda_blas.cc:1760] TensorFloat-32 will be used for the matrix multiplication. This will only be logged once.
Epoch: 0 	Loss: 120.308 	Time/epoch: 9.38
Epoch: 1 	Loss: 52.077 	Time/epoch: 1.87
Epoch: 2 	Loss: 38.957 	Time/epoch: 1.86
Epoch: 3 	Loss: 33.455 	Time/epoch: 1.68
Epoch: 4 	Loss: 28.872 	Time/epoch: 1.87
Epoch: 5 	Loss: 25.017 	Time/epoch: 2.73
Epoch: 6 	Loss: 20.836 	Time/epoch: 1.83
Epoch: 7 	Loss: 20.443 	Time/epoch: 1.84
Epoch: 8 	Loss: 19.041 	Time/epoch: 1.99
Epoch: 9 	Loss: 18.637 	Time/epoch: 1.85
Average epoch training time: 1.96 seconds
