[thetagpu22:2479455] Warning: could not find environment variable "PYTHONPATH"
2021-10-05 10:19:18.670004: I tensorflow/core/platform/cpu_feature_guard.cc:142] This TensorFlow binary is optimized with oneAPI Deep Neural Network Library (oneDNN) to use the following CPU instructions in performance-critical operations:  SSE3 SSE4.1 SSE4.2 AVX AVX2 FMA
To enable them in other operations, rebuild TensorFlow with the appropriate compiler flags.
2021-10-05 10:19:18.674234: I tensorflow/core/platform/cpu_feature_guard.cc:142] This TensorFlow binary is optimized with oneAPI Deep Neural Network Library (oneDNN) to use the following CPU instructions in performance-critical operations:  SSE3 SSE4.1 SSE4.2 AVX AVX2 FMA
To enable them in other operations, rebuild TensorFlow with the appropriate compiler flags.
2021-10-05 10:19:19.251096: I tensorflow/core/common_runtime/gpu/gpu_device.cc:1510] Created device /job:localhost/replica:0/task:0/device:GPU:0 with 38427 MB memory:  -> device: 0, name: A100-SXM4-40GB, pci bus id: 0000:07:00.0, compute capability: 8.0
2021-10-05 10:19:19.258906: I tensorflow/core/common_runtime/gpu/gpu_device.cc:1510] Created device /job:localhost/replica:0/task:0/device:GPU:0 with 38427 MB memory:  -> device: 1, name: A100-SXM4-40GB, pci bus id: 0000:0f:00.0, compute capability: 8.0
2021-10-05 10:19:21.542196: I tensorflow/compiler/mlir/mlir_graph_optimization_pass.cc:185] None of the MLIR Optimization Passes are enabled (registered 2)
2021-10-05 10:19:21.699583: I tensorflow/compiler/mlir/mlir_graph_optimization_pass.cc:185] None of the MLIR Optimization Passes are enabled (registered 2)
2021-10-05 10:19:22.295311: I tensorflow/stream_executor/cuda/cuda_dnn.cc:369] Loaded cuDNN version 8200
2021-10-05 10:19:22.492535: I tensorflow/stream_executor/cuda/cuda_dnn.cc:369] Loaded cuDNN version 8200
2021-10-05 10:19:23.821664: I tensorflow/stream_executor/cuda/cuda_blas.cc:1760] TensorFloat-32 will be used for the matrix multiplication. This will only be logged once.
2021-10-05 10:19:24.092849: I tensorflow/stream_executor/cuda/cuda_blas.cc:1760] TensorFloat-32 will be used for the matrix multiplication. This will only be logged once.
Epoch: 0 	Loss: 126.840 	Time/epoch: 12.1
Epoch: 1 	Loss: 51.477 	Time/epoch: 15.1
Epoch: 2 	Loss: 42.320 	Time/epoch: 22.2
Epoch: 3 	Loss: 33.758 	Time/epoch: 18.4
Epoch: 4 	Loss: 28.798 	Time/epoch: 18.4
Epoch: 5 	Loss: 24.238 	Time/epoch: 18.4
Epoch: 6 	Loss: 21.439 	Time/epoch: 22.1
Epoch: 7 	Loss: 21.386 	Time/epoch: 15.5
Epoch: 8 	Loss: 18.294 	Time/epoch: 11
Epoch: 9 	Loss: 17.656 	Time/epoch: 16.5
Epoch: 10 	Loss: 16.716 	Time/epoch: 10.6
Epoch: 11 	Loss: 16.034 	Time/epoch: 21.7
Epoch: 12 	Loss: 13.349 	Time/epoch: 16.8
Epoch: 13 	Loss: 12.440 	Time/epoch: 17
Epoch: 14 	Loss: 12.866 	Time/epoch: 11.7
Epoch: 15 	Loss: 11.091 	Time/epoch: 9.92
Epoch: 16 	Loss: 12.486 	Time/epoch: 12
Epoch: 17 	Loss: 11.271 	Time/epoch: 18.1
Epoch: 18 	Loss: 10.220 	Time/epoch: 11.2
Epoch: 19 	Loss: 10.594 	Time/epoch: 1.64
Epoch: 20 	Loss: 11.802 	Time/epoch: 1.3
Epoch: 21 	Loss: 9.892 	Time/epoch: 1.21
Epoch: 22 	Loss: 9.407 	Time/epoch: 1.28
Epoch: 23 	Loss: 9.258 	Time/epoch: 1.63
Epoch: 24 	Loss: 8.450 	Time/epoch: 1.48
Epoch: 25 	Loss: 7.193 	Time/epoch: 1.24
Epoch: 26 	Loss: 10.457 	Time/epoch: 1.23
Epoch: 27 	Loss: 8.919 	Time/epoch: 1.62
Epoch: 28 	Loss: 8.601 	Time/epoch: 1.19
Epoch: 29 	Loss: 8.531 	Time/epoch: 1.16
Epoch: 30 	Loss: 8.185 	Time/epoch: 1.18
Epoch: 31 	Loss: 7.508 	Time/epoch: 1.33
Epoch: 32 	Loss: 6.695 	Time/epoch: 1.17
Epoch: 33 	Loss: 7.729 	Time/epoch: 1.16
Epoch: 34 	Loss: 7.408 	Time/epoch: 1.16
Epoch: 35 	Loss: 7.993 	Time/epoch: 1.17
Epoch: 36 	Loss: 8.183 	Time/epoch: 1.2
Epoch: 37 	Loss: 7.713 	Time/epoch: 1.16
Epoch: 38 	Loss: 7.885 	Time/epoch: 1.19
Epoch: 39 	Loss: 5.919 	Time/epoch: 1.29
Epoch: 40 	Loss: 7.844 	Time/epoch: 1.54
Epoch: 41 	Loss: 6.893 	Time/epoch: 1.16
Epoch: 42 	Loss: 6.875 	Time/epoch: 1.16
Epoch: 43 	Loss: 5.806 	Time/epoch: 1.19
Epoch: 44 	Loss: 6.259 	Time/epoch: 1.3
Epoch: 45 	Loss: 6.708 	Time/epoch: 1.18
Epoch: 46 	Loss: 6.329 	Time/epoch: 1.41
Epoch: 47 	Loss: 5.329 	Time/epoch: 1.16
Epoch: 48 	Loss: 6.543 	Time/epoch: 1.16
Epoch: 49 	Loss: 6.484 	Time/epoch: 1.21
Epoch: 50 	Loss: 5.857 	Time/epoch: 1.78
Epoch: 51 	Loss: 5.462 	Time/epoch: 1.17
Epoch: 52 	Loss: 8.436 	Time/epoch: 1.2
Epoch: 53 	Loss: 5.753 	Time/epoch: 1.61
Epoch: 54 	Loss: 5.590 	Time/epoch: 1.18
Epoch: 55 	Loss: 5.550 	Time/epoch: 1.49
Epoch: 56 	Loss: 6.143 	Time/epoch: 1.19
Epoch: 57 	Loss: 5.096 	Time/epoch: 1.46
Epoch: 58 	Loss: 5.626 	Time/epoch: 1.21
Epoch: 59 	Loss: 5.375 	Time/epoch: 1.16
Epoch: 60 	Loss: 5.448 	Time/epoch: 1.45
Epoch: 61 	Loss: 6.509 	Time/epoch: 1.2
Epoch: 62 	Loss: 5.151 	Time/epoch: 1.17
Epoch: 63 	Loss: 6.628 	Time/epoch: 1.17
Epoch: 64 	Loss: 5.855 	Time/epoch: 1.25
Epoch: 65 	Loss: 5.298 	Time/epoch: 1.17
Epoch: 66 	Loss: 6.297 	Time/epoch: 1.2
Epoch: 67 	Loss: 6.789 	Time/epoch: 1.24
Epoch: 68 	Loss: 4.523 	Time/epoch: 1.16
Epoch: 69 	Loss: 4.484 	Time/epoch: 1.18
Epoch: 70 	Loss: 5.375 	Time/epoch: 1.33
Epoch: 71 	Loss: 6.133 	Time/epoch: 1.17
Epoch: 72 	Loss: 6.048 	Time/epoch: 1.26
Epoch: 73 	Loss: 5.309 	Time/epoch: 1.22
Epoch: 74 	Loss: 5.648 	Time/epoch: 1.17
Epoch: 75 	Loss: 6.080 	Time/epoch: 1.39
Epoch: 76 	Loss: 4.568 	Time/epoch: 1.37
Epoch: 77 	Loss: 4.296 	Time/epoch: 1.31
Epoch: 78 	Loss: 4.636 	Time/epoch: 1.21
Epoch: 79 	Loss: 4.024 	Time/epoch: 1.19
Epoch: 80 	Loss: 6.828 	Time/epoch: 1.27
Epoch: 81 	Loss: 6.419 	Time/epoch: 1.3
Epoch: 82 	Loss: 5.479 	Time/epoch: 1.18
Epoch: 83 	Loss: 6.613 	Time/epoch: 1.16
Epoch: 84 	Loss: 5.631 	Time/epoch: 1.2
Epoch: 85 	Loss: 5.599 	Time/epoch: 1.2
Epoch: 86 	Loss: 5.094 	Time/epoch: 1.17
Epoch: 87 	Loss: 4.097 	Time/epoch: 1.39
Epoch: 88 	Loss: 5.054 	Time/epoch: 1.17
Epoch: 89 	Loss: 4.384 	Time/epoch: 2.42
Epoch: 90 	Loss: 5.257 	Time/epoch: 2.02
Epoch: 91 	Loss: 6.314 	Time/epoch: 1.19
Epoch: 92 	Loss: 4.971 	Time/epoch: 2.2
Epoch: 93 	Loss: 5.674 	Time/epoch: 1.3
Epoch: 94 	Loss: 5.999 	Time/epoch: 1.2
Epoch: 95 	Loss: 5.307 	Time/epoch: 1.39
Epoch: 96 	Loss: 4.682 	Time/epoch: 1.18
Epoch: 97 	Loss: 4.335 	Time/epoch: 1.18
Epoch: 98 	Loss: 4.724 	Time/epoch: 1.45
Epoch: 99 	Loss: 6.255 	Time/epoch: 2.17
Epoch: 100 	Loss: 4.750 	Time/epoch: 1.26
Epoch: 101 	Loss: 5.762 	Time/epoch: 1.4
Epoch: 102 	Loss: 4.188 	Time/epoch: 1.17
Epoch: 103 	Loss: 3.362 	Time/epoch: 1.17
Epoch: 104 	Loss: 4.618 	Time/epoch: 1.38
Epoch: 105 	Loss: 4.626 	Time/epoch: 1.17
Epoch: 106 	Loss: 4.849 	Time/epoch: 1.18
Epoch: 107 	Loss: 5.581 	Time/epoch: 1.25
Epoch: 108 	Loss: 4.475 	Time/epoch: 1.21
Epoch: 109 	Loss: 5.275 	Time/epoch: 2.22
Epoch: 110 	Loss: 4.771 	Time/epoch: 1.2
Epoch: 111 	Loss: 6.444 	Time/epoch: 1.2
Epoch: 112 	Loss: 4.176 	Time/epoch: 1.17
Epoch: 113 	Loss: 5.027 	Time/epoch: 1.17
Epoch: 114 	Loss: 4.749 	Time/epoch: 1.4
Epoch: 115 	Loss: 5.515 	Time/epoch: 1.16
Epoch: 116 	Loss: 5.206 	Time/epoch: 1.2
Epoch: 117 	Loss: 4.592 	Time/epoch: 1.19
Epoch: 118 	Loss: 5.061 	Time/epoch: 1.16
Epoch: 119 	Loss: 4.582 	Time/epoch: 1.19
Epoch: 120 	Loss: 4.836 	Time/epoch: 1.2
Epoch: 121 	Loss: 5.636 	Time/epoch: 1.21
Epoch: 122 	Loss: 3.920 	Time/epoch: 1.16
Epoch: 123 	Loss: 4.026 	Time/epoch: 1.35
Epoch: 124 	Loss: 4.300 	Time/epoch: 1.16
Epoch: 125 	Loss: 4.879 	Time/epoch: 1.17
Epoch: 126 	Loss: 4.502 	Time/epoch: 1.2
Epoch: 127 	Loss: 3.684 	Time/epoch: 1.48
Epoch: 128 	Loss: 4.230 	Time/epoch: 1.16
Epoch: 129 	Loss: 5.286 	Time/epoch: 1.16
Epoch: 130 	Loss: 4.085 	Time/epoch: 1.2
Epoch: 131 	Loss: 4.811 	Time/epoch: 1.17
Epoch: 132 	Loss: 4.264 	Time/epoch: 1.17
Epoch: 133 	Loss: 4.722 	Time/epoch: 1.19
Epoch: 134 	Loss: 6.313 	Time/epoch: 1.17
Epoch: 135 	Loss: 4.987 	Time/epoch: 1.16
Epoch: 136 	Loss: 4.113 	Time/epoch: 1.17
Epoch: 137 	Loss: 3.834 	Time/epoch: 1.17
Epoch: 138 	Loss: 3.534 	Time/epoch: 1.46
Epoch: 139 	Loss: 5.163 	Time/epoch: 1.18
Epoch: 140 	Loss: 3.995 	Time/epoch: 1.17
Epoch: 141 	Loss: 5.739 	Time/epoch: 1.16
Epoch: 142 	Loss: 4.144 	Time/epoch: 1.17
Epoch: 143 	Loss: 4.519 	Time/epoch: 1.49
Epoch: 144 	Loss: 4.211 	Time/epoch: 1.37
Epoch: 145 	Loss: 3.883 	Time/epoch: 1.23
Epoch: 146 	Loss: 3.768 	Time/epoch: 1.17
Epoch: 147 	Loss: 3.691 	Time/epoch: 1.17
Epoch: 148 	Loss: 5.402 	Time/epoch: 1.16
Epoch: 149 	Loss: 4.401 	Time/epoch: 1.18
Epoch: 150 	Loss: 3.552 	Time/epoch: 1.26
Epoch: 151 	Loss: 5.061 	Time/epoch: 1.17
Epoch: 152 	Loss: 4.368 	Time/epoch: 1.6
Epoch: 153 	Loss: 4.385 	Time/epoch: 1.17
Epoch: 154 	Loss: 4.675 	Time/epoch: 2.33
Epoch: 155 	Loss: 5.325 	Time/epoch: 1.35
Epoch: 156 	Loss: 3.331 	Time/epoch: 1.16
Epoch: 157 	Loss: 4.978 	Time/epoch: 1.16
Epoch: 158 	Loss: 5.692 	Time/epoch: 1.17
Epoch: 159 	Loss: 3.939 	Time/epoch: 1.18
Epoch: 160 	Loss: 4.528 	Time/epoch: 1.16
Epoch: 161 	Loss: 3.976 	Time/epoch: 1.16
Epoch: 162 	Loss: 3.208 	Time/epoch: 1.29
Epoch: 163 	Loss: 6.777 	Time/epoch: 1.17
Epoch: 164 	Loss: 6.066 	Time/epoch: 1.47
Epoch: 165 	Loss: 3.719 	Time/epoch: 1.17
Epoch: 166 	Loss: 4.596 	Time/epoch: 1.16
Epoch: 167 	Loss: 4.506 	Time/epoch: 1.16
Epoch: 168 	Loss: 4.746 	Time/epoch: 1.19
Epoch: 169 	Loss: 3.420 	Time/epoch: 1.5
Epoch: 170 	Loss: 3.531 	Time/epoch: 1.17
Epoch: 171 	Loss: 4.187 	Time/epoch: 1.16
Epoch: 172 	Loss: 5.713 	Time/epoch: 1.16
Epoch: 173 	Loss: 4.357 	Time/epoch: 1.19
Epoch: 174 	Loss: 4.532 	Time/epoch: 1.46
Epoch: 175 	Loss: 3.129 	Time/epoch: 1.17
Epoch: 176 	Loss: 5.359 	Time/epoch: 1.18
Epoch: 177 	Loss: 4.006 	Time/epoch: 1.16
Epoch: 178 	Loss: 2.848 	Time/epoch: 1.21
Epoch: 179 	Loss: 5.083 	Time/epoch: 1.5
Epoch: 180 	Loss: 4.888 	Time/epoch: 2.14
Epoch: 181 	Loss: 5.582 	Time/epoch: 1.17
Epoch: 182 	Loss: 5.863 	Time/epoch: 1.25
Epoch: 183 	Loss: 4.044 	Time/epoch: 1.17
Epoch: 184 	Loss: 4.324 	Time/epoch: 1.67
Epoch: 185 	Loss: 4.476 	Time/epoch: 1.2
Epoch: 186 	Loss: 5.458 	Time/epoch: 1.24
Epoch: 187 	Loss: 4.702 	Time/epoch: 1.19
Epoch: 188 	Loss: 3.538 	Time/epoch: 1.17
Epoch: 189 	Loss: 3.545 	Time/epoch: 1.17
Epoch: 190 	Loss: 4.256 	Time/epoch: 1.54
Epoch: 191 	Loss: 4.884 	Time/epoch: 1.21
Epoch: 192 	Loss: 6.247 	Time/epoch: 1.5
Epoch: 193 	Loss: 3.902 	Time/epoch: 1.82
Epoch: 194 	Loss: 3.543 	Time/epoch: 1.16
Epoch: 195 	Loss: 4.789 	Time/epoch: 1.17
Epoch: 196 	Loss: 5.020 	Time/epoch: 1.16
Epoch: 197 	Loss: 4.805 	Time/epoch: 1.17
Epoch: 198 	Loss: 3.745 	Time/epoch: 1.16
Epoch: 199 	Loss: 4.563 	Time/epoch: 1.17
Epoch: 200 	Loss: 4.192 	Time/epoch: 1.38
Epoch: 201 	Loss: 6.806 	Time/epoch: 1.28
Epoch: 202 	Loss: 4.844 	Time/epoch: 1.34
Epoch: 203 	Loss: 4.615 	Time/epoch: 1.2
Epoch: 204 	Loss: 3.724 	Time/epoch: 1.23
Epoch: 205 	Loss: 3.921 	Time/epoch: 1.36
Epoch: 206 	Loss: 4.426 	Time/epoch: 1.26
Epoch: 207 	Loss: 3.191 	Time/epoch: 1.22
Epoch: 208 	Loss: 4.044 	Time/epoch: 1.39
Epoch: 209 	Loss: 5.044 	Time/epoch: 1.22
Epoch: 210 	Loss: 4.394 	Time/epoch: 1.54
Epoch: 211 	Loss: 3.028 	Time/epoch: 1.22
Epoch: 212 	Loss: 4.817 	Time/epoch: 1.28
Epoch: 213 	Loss: 5.728 	Time/epoch: 1.17
Epoch: 214 	Loss: 4.287 	Time/epoch: 1.16
Epoch: 215 	Loss: 5.527 	Time/epoch: 1.16
Epoch: 216 	Loss: 3.458 	Time/epoch: 1.16
Epoch: 217 	Loss: 4.786 	Time/epoch: 1.28
Epoch: 218 	Loss: 5.784 	Time/epoch: 1.17
Epoch: 219 	Loss: 7.921 	Time/epoch: 1.27
Epoch: 220 	Loss: 4.123 	Time/epoch: 1.19
Epoch: 221 	Loss: 4.615 	Time/epoch: 1.18
Epoch: 222 	Loss: 3.400 	Time/epoch: 1.16
Epoch: 223 	Loss: 3.613 	Time/epoch: 1.67
Epoch: 224 	Loss: 4.358 	Time/epoch: 1.19
Epoch: 225 	Loss: 4.322 	Time/epoch: 1.18
Epoch: 226 	Loss: 4.958 	Time/epoch: 1.22
Epoch: 227 	Loss: 3.421 	Time/epoch: 1.66
Epoch: 228 	Loss: 4.027 	Time/epoch: 1.22
Epoch: 229 	Loss: 4.813 	Time/epoch: 1.21
Epoch: 230 	Loss: 3.743 	Time/epoch: 1.44
Epoch: 231 	Loss: 6.111 	Time/epoch: 1.16
Epoch: 232 	Loss: 2.403 	Time/epoch: 1.17
Epoch: 233 	Loss: 4.467 	Time/epoch: 1.17
Epoch: 234 	Loss: 6.853 	Time/epoch: 1.17
Epoch: 235 	Loss: 5.166 	Time/epoch: 1.17
Epoch: 236 	Loss: 4.094 	Time/epoch: 1.16
Epoch: 237 	Loss: 5.306 	Time/epoch: 1.16
Epoch: 238 	Loss: 4.307 	Time/epoch: 1.18
Epoch: 239 	Loss: 4.504 	Time/epoch: 1.22
Epoch: 240 	Loss: 3.904 	Time/epoch: 1.21
Epoch: 241 	Loss: 3.587 	Time/epoch: 1.22
Epoch: 242 	Loss: 4.502 	Time/epoch: 1.18
Epoch: 243 	Loss: 3.637 	Time/epoch: 1.16
Epoch: 244 	Loss: 5.195 	Time/epoch: 1.18
Epoch: 245 	Loss: 4.081 	Time/epoch: 1.24
Epoch: 246 	Loss: 4.501 	Time/epoch: 1.2
Epoch: 247 	Loss: 6.622 	Time/epoch: 1.2
Epoch: 248 	Loss: 4.312 	Time/epoch: 1.19
Epoch: 249 	Loss: 4.287 	Time/epoch: 1.19
Epoch: 250 	Loss: 4.949 	Time/epoch: 1.17
Epoch: 251 	Loss: 5.766 	Time/epoch: 1.16
Epoch: 252 	Loss: 4.071 	Time/epoch: 1.19
Epoch: 253 	Loss: 2.891 	Time/epoch: 1.16
Epoch: 254 	Loss: 4.834 	Time/epoch: 1.16
Epoch: 255 	Loss: 5.037 	Time/epoch: 1.17
Epoch: 256 	Loss: 4.282 	Time/epoch: 1.24
Epoch: 257 	Loss: 3.587 	Time/epoch: 1.19
Epoch: 258 	Loss: 5.240 	Time/epoch: 1.23
Epoch: 259 	Loss: 4.554 	Time/epoch: 1.39
Epoch: 260 	Loss: 3.965 	Time/epoch: 1.29
Epoch: 261 	Loss: 4.729 	Time/epoch: 1.28
Epoch: 262 	Loss: 4.990 	Time/epoch: 1.17
Epoch: 263 	Loss: 4.318 	Time/epoch: 1.17
Epoch: 264 	Loss: 4.452 	Time/epoch: 1.38
Epoch: 265 	Loss: 4.052 	Time/epoch: 1.17
Epoch: 266 	Loss: 5.838 	Time/epoch: 1.17
Epoch: 267 	Loss: 3.656 	Time/epoch: 1.17
Epoch: 268 	Loss: 3.413 	Time/epoch: 2.45
Epoch: 269 	Loss: 5.013 	Time/epoch: 1.16
Epoch: 270 	Loss: 6.171 	Time/epoch: 1.17
Epoch: 271 	Loss: 4.499 	Time/epoch: 1.16
Epoch: 272 	Loss: 6.145 	Time/epoch: 1.18
Epoch: 273 	Loss: 5.993 	Time/epoch: 1.16
Epoch: 274 	Loss: 4.708 	Time/epoch: 1.18
Epoch: 275 	Loss: 4.836 	Time/epoch: 1.2
Epoch: 276 	Loss: 4.088 	Time/epoch: 1.17
Epoch: 277 	Loss: 7.868 	Time/epoch: 1.18
Epoch: 278 	Loss: 4.456 	Time/epoch: 1.2
Epoch: 279 	Loss: 4.195 	Time/epoch: 2.1
Epoch: 280 	Loss: 4.776 	Time/epoch: 1.34
Epoch: 281 	Loss: 3.408 	Time/epoch: 1.16
Epoch: 282 	Loss: 4.302 	Time/epoch: 1.25
Epoch: 283 	Loss: 5.335 	Time/epoch: 1.26
Epoch: 284 	Loss: 4.257 	Time/epoch: 1.22
Epoch: 285 	Loss: 5.258 	Time/epoch: 1.16
Epoch: 286 	Loss: 4.639 	Time/epoch: 1.17
Epoch: 287 	Loss: 7.195 	Time/epoch: 1.16
Epoch: 288 	Loss: 5.521 	Time/epoch: 1.17
Epoch: 289 	Loss: 4.660 	Time/epoch: 1.16
Epoch: 290 	Loss: 5.119 	Time/epoch: 1.16
Epoch: 291 	Loss: 5.781 	Time/epoch: 1.18
Epoch: 292 	Loss: 4.172 	Time/epoch: 1.95
Epoch: 293 	Loss: 4.971 	Time/epoch: 1.18
Epoch: 294 	Loss: 6.838 	Time/epoch: 1.21
Epoch: 295 	Loss: 4.733 	Time/epoch: 1.16
Epoch: 296 	Loss: 3.460 	Time/epoch: 1.24
Epoch: 297 	Loss: 4.729 	Time/epoch: 1.18
Epoch: 298 	Loss: 4.545 	Time/epoch: 1.18
Epoch: 299 	Loss: 6.087 	Time/epoch: 1.17
Epoch: 300 	Loss: 3.735 	Time/epoch: 1.17
Epoch: 301 	Loss: 4.612 	Time/epoch: 1.16
Epoch: 302 	Loss: 4.602 	Time/epoch: 1.16
Epoch: 303 	Loss: 4.887 	Time/epoch: 1.21
Epoch: 304 	Loss: 4.943 	Time/epoch: 1.29
Epoch: 305 	Loss: 4.824 	Time/epoch: 1.2
Epoch: 306 	Loss: 3.186 	Time/epoch: 1.24
Epoch: 307 	Loss: 4.225 	Time/epoch: 1.19
Epoch: 308 	Loss: 4.147 	Time/epoch: 1.22
Epoch: 309 	Loss: 5.996 	Time/epoch: 1.18
Epoch: 310 	Loss: 4.290 	Time/epoch: 1.18
Epoch: 311 	Loss: 3.721 	Time/epoch: 1.25
Epoch: 312 	Loss: 4.915 	Time/epoch: 1.18
Epoch: 313 	Loss: 4.802 	Time/epoch: 1.2
Epoch: 314 	Loss: 6.175 	Time/epoch: 2.04
Epoch: 315 	Loss: 3.927 	Time/epoch: 1.24
Epoch: 316 	Loss: 6.778 	Time/epoch: 1.16
Epoch: 317 	Loss: 3.621 	Time/epoch: 1.16
Epoch: 318 	Loss: 5.450 	Time/epoch: 1.17
Epoch: 319 	Loss: 5.022 	Time/epoch: 1.19
Epoch: 320 	Loss: 5.654 	Time/epoch: 1.19
Epoch: 321 	Loss: 3.990 	Time/epoch: 1.24
Epoch: 322 	Loss: 4.917 	Time/epoch: 1.18
Epoch: 323 	Loss: 3.721 	Time/epoch: 1.16
Epoch: 324 	Loss: 4.505 	Time/epoch: 1.16
Epoch: 325 	Loss: 5.489 	Time/epoch: 1.29
Epoch: 326 	Loss: 3.181 	Time/epoch: 1.23
Epoch: 327 	Loss: 4.745 	Time/epoch: 1.16
Epoch: 328 	Loss: 6.296 	Time/epoch: 1.23
Epoch: 329 	Loss: 6.213 	Time/epoch: 1.59
Epoch: 330 	Loss: 3.067 	Time/epoch: 1.19
Epoch: 331 	Loss: 5.579 	Time/epoch: 1.17
Epoch: 332 	Loss: 5.259 	Time/epoch: 1.19
Epoch: 333 	Loss: 5.443 	Time/epoch: 1.3
Epoch: 334 	Loss: 6.378 	Time/epoch: 1.23
Epoch: 335 	Loss: 5.124 	Time/epoch: 1.18
Epoch: 336 	Loss: 6.524 	Time/epoch: 1.19
Epoch: 337 	Loss: 5.400 	Time/epoch: 1.18
Epoch: 338 	Loss: 4.820 	Time/epoch: 1.16
Epoch: 339 	Loss: 4.578 	Time/epoch: 1.22
Epoch: 340 	Loss: 4.227 	Time/epoch: 1.4
Epoch: 341 	Loss: 4.844 	Time/epoch: 2.58
Epoch: 342 	Loss: 3.098 	Time/epoch: 1.24
Epoch: 343 	Loss: 4.816 	Time/epoch: 1.23
Epoch: 344 	Loss: 4.478 	Time/epoch: 1.22
Epoch: 345 	Loss: 7.118 	Time/epoch: 1.23
Epoch: 346 	Loss: 3.265 	Time/epoch: 1.17
Epoch: 347 	Loss: 3.276 	Time/epoch: 1.18
Epoch: 348 	Loss: 4.498 	Time/epoch: 1.17
Epoch: 349 	Loss: 5.286 	Time/epoch: 1.18
Epoch: 350 	Loss: 5.161 	Time/epoch: 1.22
Epoch: 351 	Loss: 4.331 	Time/epoch: 1.18
Epoch: 352 	Loss: 4.758 	Time/epoch: 1.19
Epoch: 353 	Loss: 3.570 	Time/epoch: 1.28
Epoch: 354 	Loss: 3.403 	Time/epoch: 1.2
Epoch: 355 	Loss: 4.309 	Time/epoch: 1.33
Epoch: 356 	Loss: 2.852 	Time/epoch: 1.19
Epoch: 357 	Loss: 5.259 	Time/epoch: 1.24
Epoch: 358 	Loss: 5.118 	Time/epoch: 1.5
Epoch: 359 	Loss: 5.114 	Time/epoch: 1.24
Epoch: 360 	Loss: 3.748 	Time/epoch: 1.18
Epoch: 361 	Loss: 5.824 	Time/epoch: 1.17
Epoch: 362 	Loss: 4.187 	Time/epoch: 1.24
Epoch: 363 	Loss: 7.639 	Time/epoch: 1.18
Epoch: 364 	Loss: 5.542 	Time/epoch: 1.16
Epoch: 365 	Loss: 4.563 	Time/epoch: 1.16
Epoch: 366 	Loss: 5.797 	Time/epoch: 1.17
Epoch: 367 	Loss: 6.270 	Time/epoch: 1.17
Epoch: 368 	Loss: 4.638 	Time/epoch: 1.55
Epoch: 369 	Loss: 3.851 	Time/epoch: 1.16
Epoch: 370 	Loss: 3.058 	Time/epoch: 1.16
Epoch: 371 	Loss: 5.396 	Time/epoch: 1.69
Epoch: 372 	Loss: 3.664 	Time/epoch: 1.31
Epoch: 373 	Loss: 5.375 	Time/epoch: 1.16
Epoch: 374 	Loss: 6.198 	Time/epoch: 1.17
Epoch: 375 	Loss: 3.639 	Time/epoch: 1.17
Epoch: 376 	Loss: 5.560 	Time/epoch: 1.37
Epoch: 377 	Loss: 3.408 	Time/epoch: 1.16
Epoch: 378 	Loss: 5.779 	Time/epoch: 1.2
Epoch: 379 	Loss: 5.784 	Time/epoch: 2.66
Epoch: 380 	Loss: 5.198 	Time/epoch: 1.4
Epoch: 381 	Loss: 3.188 	Time/epoch: 1.4
Epoch: 382 	Loss: 5.701 	Time/epoch: 1.2
Epoch: 383 	Loss: 6.476 	Time/epoch: 1.26
Epoch: 384 	Loss: 5.373 	Time/epoch: 1.29
Epoch: 385 	Loss: 5.679 	Time/epoch: 1.19
Epoch: 386 	Loss: 4.648 	Time/epoch: 2.33
Epoch: 387 	Loss: 1.813 	Time/epoch: 1.17
Epoch: 388 	Loss: 7.403 	Time/epoch: 1.18
Epoch: 389 	Loss: 6.782 	Time/epoch: 1.18
Epoch: 390 	Loss: 5.161 	Time/epoch: 1.25
Epoch: 391 	Loss: 4.543 	Time/epoch: 1.25
Epoch: 392 	Loss: 5.095 	Time/epoch: 1.62
Epoch: 393 	Loss: 3.910 	Time/epoch: 1.7
Epoch: 394 	Loss: 6.116 	Time/epoch: 1.18
Epoch: 395 	Loss: 4.959 	Time/epoch: 1.39
Epoch: 396 	Loss: 5.208 	Time/epoch: 1.18
Epoch: 397 	Loss: 6.045 	Time/epoch: 1.17
Epoch: 398 	Loss: 3.018 	Time/epoch: 1.23
Epoch: 399 	Loss: 3.315 	Time/epoch: 1.22
Epoch: 400 	Loss: 5.521 	Time/epoch: 1.2
Epoch: 401 	Loss: 4.714 	Time/epoch: 1.16
Epoch: 402 	Loss: 5.210 	Time/epoch: 1.17
Epoch: 403 	Loss: 4.677 	Time/epoch: 1.76
Epoch: 404 	Loss: 4.710 	Time/epoch: 1.29
Epoch: 405 	Loss: 5.654 	Time/epoch: 1.17
Epoch: 406 	Loss: 6.256 	Time/epoch: 1.17
Epoch: 407 	Loss: 5.652 	Time/epoch: 1.19
Epoch: 408 	Loss: 5.164 	Time/epoch: 1.29
Epoch: 409 	Loss: 5.631 	Time/epoch: 1.17
Epoch: 410 	Loss: 4.720 	Time/epoch: 1.16
Epoch: 411 	Loss: 4.168 	Time/epoch: 1.18
Epoch: 412 	Loss: 4.689 	Time/epoch: 1.2
Epoch: 413 	Loss: 4.170 	Time/epoch: 1.19
Epoch: 414 	Loss: 3.133 	Time/epoch: 1.37
Epoch: 415 	Loss: 3.514 	Time/epoch: 1.25
Epoch: 416 	Loss: 5.912 	Time/epoch: 1.23
Epoch: 417 	Loss: 4.396 	Time/epoch: 1.22
Epoch: 418 	Loss: 4.904 	Time/epoch: 1.17
Epoch: 419 	Loss: 6.687 	Time/epoch: 1.19
Epoch: 420 	Loss: 5.708 	Time/epoch: 1.23
Epoch: 421 	Loss: 3.110 	Time/epoch: 1.35
Epoch: 422 	Loss: 5.175 	Time/epoch: 1.16
Epoch: 423 	Loss: 4.652 	Time/epoch: 1.16
Epoch: 424 	Loss: 6.529 	Time/epoch: 1.3
Epoch: 425 	Loss: 5.329 	Time/epoch: 1.24
Epoch: 426 	Loss: 5.069 	Time/epoch: 1.28
Epoch: 427 	Loss: 5.228 	Time/epoch: 1.21
Epoch: 428 	Loss: 6.866 	Time/epoch: 1.18
Epoch: 429 	Loss: 6.171 	Time/epoch: 1.21
Epoch: 430 	Loss: 6.547 	Time/epoch: 1.73
Epoch: 431 	Loss: 6.211 	Time/epoch: 1.18
Epoch: 432 	Loss: 6.090 	Time/epoch: 1.42
Epoch: 433 	Loss: 7.182 	Time/epoch: 1.29
Epoch: 434 	Loss: 3.920 	Time/epoch: 1.36
Epoch: 435 	Loss: 4.405 	Time/epoch: 1.26
Epoch: 436 	Loss: 4.547 	Time/epoch: 1.18
Epoch: 437 	Loss: 4.670 	Time/epoch: 1.25
Epoch: 438 	Loss: 5.621 	Time/epoch: 1.31
Epoch: 439 	Loss: 2.553 	Time/epoch: 1.16
Epoch: 440 	Loss: 7.648 	Time/epoch: 1.28
Epoch: 441 	Loss: 4.708 	Time/epoch: 1.3
Epoch: 442 	Loss: 5.481 	Time/epoch: 1.34
Epoch: 443 	Loss: 4.440 	Time/epoch: 1.19
Epoch: 444 	Loss: 4.724 	Time/epoch: 1.17
Epoch: 445 	Loss: 3.947 	Time/epoch: 1.26
Epoch: 446 	Loss: 6.213 	Time/epoch: 1.16
Epoch: 447 	Loss: 4.771 	Time/epoch: 1.35
Epoch: 448 	Loss: 4.848 	Time/epoch: 1.18
Epoch: 449 	Loss: 5.430 	Time/epoch: 1.17
Epoch: 450 	Loss: 7.235 	Time/epoch: 2.5
Epoch: 451 	Loss: 3.973 	Time/epoch: 1.18
Epoch: 452 	Loss: 5.826 	Time/epoch: 1.19
Epoch: 453 	Loss: 4.268 	Time/epoch: 1.23
Epoch: 454 	Loss: 6.121 	Time/epoch: 1.22
Epoch: 455 	Loss: 3.032 	Time/epoch: 1.16
Epoch: 456 	Loss: 6.108 	Time/epoch: 1.18
Epoch: 457 	Loss: 6.100 	Time/epoch: 1.18
Epoch: 458 	Loss: 5.358 	Time/epoch: 1.18
Epoch: 459 	Loss: 4.885 	Time/epoch: 2.4
Epoch: 460 	Loss: 4.757 	Time/epoch: 1.21
Epoch: 461 	Loss: 5.209 	Time/epoch: 1.17
Epoch: 462 	Loss: 6.308 	Time/epoch: 1.18
Epoch: 463 	Loss: 3.939 	Time/epoch: 1.17
Epoch: 464 	Loss: 7.161 	Time/epoch: 2.09
Epoch: 465 	Loss: 6.275 	Time/epoch: 1.18
Epoch: 466 	Loss: 4.202 	Time/epoch: 1.29
Epoch: 467 	Loss: 3.475 	Time/epoch: 1.41
Epoch: 468 	Loss: 3.413 	Time/epoch: 1.3
Epoch: 469 	Loss: 4.340 	Time/epoch: 1.22
Epoch: 470 	Loss: 6.279 	Time/epoch: 2.67
Epoch: 471 	Loss: 3.072 	Time/epoch: 1.74
Epoch: 472 	Loss: 5.260 	Time/epoch: 1.44
Epoch: 473 	Loss: 6.215 	Time/epoch: 1.21
Epoch: 474 	Loss: 5.508 	Time/epoch: 2.69
Epoch: 475 	Loss: 4.798 	Time/epoch: 1.66
Epoch: 476 	Loss: 3.783 	Time/epoch: 1.17
Epoch: 477 	Loss: 3.587 	Time/epoch: 1.16
Epoch: 478 	Loss: 5.197 	Time/epoch: 1.17
Epoch: 479 	Loss: 5.138 	Time/epoch: 1.25
Epoch: 480 	Loss: 5.024 	Time/epoch: 1.17
Epoch: 481 	Loss: 2.439 	Time/epoch: 1.44
Epoch: 482 	Loss: 6.206 	Time/epoch: 1.2
Epoch: 483 	Loss: 7.474 	Time/epoch: 1.24
Epoch: 484 	Loss: 4.203 	Time/epoch: 1.38
Epoch: 485 	Loss: 5.192 	Time/epoch: 1.57
Epoch: 486 	Loss: 4.660 	Time/epoch: 1.17
Epoch: 487 	Loss: 4.270 	Time/epoch: 1.17
Epoch: 488 	Loss: 5.100 	Time/epoch: 1.17
Epoch: 489 	Loss: 5.540 	Time/epoch: 1.19
Epoch: 490 	Loss: 5.604 	Time/epoch: 1.16
Epoch: 491 	Loss: 5.033 	Time/epoch: 1.17
Epoch: 492 	Loss: 3.849 	Time/epoch: 1.16
Epoch: 493 	Loss: 5.789 	Time/epoch: 1.68
Epoch: 494 	Loss: 4.250 	Time/epoch: 1.21
Epoch: 495 	Loss: 4.839 	Time/epoch: 1.38
Epoch: 496 	Loss: 5.274 	Time/epoch: 1.22
Epoch: 497 	Loss: 5.560 	Time/epoch: 1.18
Epoch: 498 	Loss: 6.096 	Time/epoch: 1.21
Epoch: 499 	Loss: 6.103 	Time/epoch: 1.24
Average epoch training time: 1.79 seconds
