[thetagpu19:3909823] Warning: could not find environment variable "PYTHONPATH"
2021-10-05 11:26:26.390804: I tensorflow/core/platform/cpu_feature_guard.cc:142] This TensorFlow binary is optimized with oneAPI Deep Neural Network Library (oneDNN) to use the following CPU instructions in performance-critical operations:  SSE3 SSE4.1 SSE4.2 AVX AVX2 FMA
To enable them in other operations, rebuild TensorFlow with the appropriate compiler flags.
2021-10-05 11:26:26.391515: I tensorflow/core/platform/cpu_feature_guard.cc:142] This TensorFlow binary is optimized with oneAPI Deep Neural Network Library (oneDNN) to use the following CPU instructions in performance-critical operations:  SSE3 SSE4.1 SSE4.2 AVX AVX2 FMA
To enable them in other operations, rebuild TensorFlow with the appropriate compiler flags.
2021-10-05 11:26:26.391296: I tensorflow/core/platform/cpu_feature_guard.cc:142] This TensorFlow binary is optimized with oneAPI Deep Neural Network Library (oneDNN) to use the following CPU instructions in performance-critical operations:  SSE3 SSE4.1 SSE4.2 AVX AVX2 FMA
To enable them in other operations, rebuild TensorFlow with the appropriate compiler flags.
2021-10-05 11:26:26.391951: I tensorflow/core/platform/cpu_feature_guard.cc:142] This TensorFlow binary is optimized with oneAPI Deep Neural Network Library (oneDNN) to use the following CPU instructions in performance-critical operations:  SSE3 SSE4.1 SSE4.2 AVX AVX2 FMA
To enable them in other operations, rebuild TensorFlow with the appropriate compiler flags.
2021-10-05 11:26:26.392124: I tensorflow/core/platform/cpu_feature_guard.cc:142] This TensorFlow binary is optimized with oneAPI Deep Neural Network Library (oneDNN) to use the following CPU instructions in performance-critical operations:  SSE3 SSE4.1 SSE4.2 AVX AVX2 FMA
To enable them in other operations, rebuild TensorFlow with the appropriate compiler flags.
2021-10-05 11:26:26.393484: I tensorflow/core/platform/cpu_feature_guard.cc:142] This TensorFlow binary is optimized with oneAPI Deep Neural Network Library (oneDNN) to use the following CPU instructions in performance-critical operations:  SSE3 SSE4.1 SSE4.2 AVX AVX2 FMA
To enable them in other operations, rebuild TensorFlow with the appropriate compiler flags.
2021-10-05 11:26:26.393869: I tensorflow/core/platform/cpu_feature_guard.cc:142] This TensorFlow binary is optimized with oneAPI Deep Neural Network Library (oneDNN) to use the following CPU instructions in performance-critical operations:  SSE3 SSE4.1 SSE4.2 AVX AVX2 FMA
To enable them in other operations, rebuild TensorFlow with the appropriate compiler flags.
2021-10-05 11:26:26.394094: I tensorflow/core/platform/cpu_feature_guard.cc:142] This TensorFlow binary is optimized with oneAPI Deep Neural Network Library (oneDNN) to use the following CPU instructions in performance-critical operations:  SSE3 SSE4.1 SSE4.2 AVX AVX2 FMA
To enable them in other operations, rebuild TensorFlow with the appropriate compiler flags.
2021-10-05 11:26:27.518454: I tensorflow/core/common_runtime/gpu/gpu_device.cc:1510] Created device /job:localhost/replica:0/task:0/device:GPU:0 with 38427 MB memory:  -> device: 7, name: A100-SXM4-40GB, pci bus id: 0000:bd:00.0, compute capability: 8.0
2021-10-05 11:26:27.532527: I tensorflow/core/common_runtime/gpu/gpu_device.cc:1510] Created device /job:localhost/replica:0/task:0/device:GPU:0 with 38427 MB memory:  -> device: 3, name: A100-SXM4-40GB, pci bus id: 0000:4e:00.0, compute capability: 8.0
2021-10-05 11:26:27.542293: I tensorflow/core/common_runtime/gpu/gpu_device.cc:1510] Created device /job:localhost/replica:0/task:0/device:GPU:0 with 38427 MB memory:  -> device: 1, name: A100-SXM4-40GB, pci bus id: 0000:0f:00.0, compute capability: 8.0
2021-10-05 11:26:27.542523: I tensorflow/core/common_runtime/gpu/gpu_device.cc:1510] Created device /job:localhost/replica:0/task:0/device:GPU:0 with 38427 MB memory:  -> device: 6, name: A100-SXM4-40GB, pci bus id: 0000:b7:00.0, compute capability: 8.0
2021-10-05 11:26:27.547693: I tensorflow/core/common_runtime/gpu/gpu_device.cc:1510] Created device /job:localhost/replica:0/task:0/device:GPU:0 with 38427 MB memory:  -> device: 0, name: A100-SXM4-40GB, pci bus id: 0000:07:00.0, compute capability: 8.0
2021-10-05 11:26:27.552083: I tensorflow/core/common_runtime/gpu/gpu_device.cc:1510] Created device /job:localhost/replica:0/task:0/device:GPU:0 with 38427 MB memory:  -> device: 4, name: A100-SXM4-40GB, pci bus id: 0000:87:00.0, compute capability: 8.0
2021-10-05 11:26:27.554673: I tensorflow/core/common_runtime/gpu/gpu_device.cc:1510] Created device /job:localhost/replica:0/task:0/device:GPU:0 with 38427 MB memory:  -> device: 2, name: A100-SXM4-40GB, pci bus id: 0000:47:00.0, compute capability: 8.0
2021-10-05 11:26:27.556753: I tensorflow/core/common_runtime/gpu/gpu_device.cc:1510] Created device /job:localhost/replica:0/task:0/device:GPU:0 with 38427 MB memory:  -> device: 5, name: A100-SXM4-40GB, pci bus id: 0000:90:00.0, compute capability: 8.0
2021-10-05 11:26:29.710182: I tensorflow/compiler/mlir/mlir_graph_optimization_pass.cc:185] None of the MLIR Optimization Passes are enabled (registered 2)
2021-10-05 11:26:29.724169: I tensorflow/compiler/mlir/mlir_graph_optimization_pass.cc:185] None of the MLIR Optimization Passes are enabled (registered 2)
2021-10-05 11:26:29.761277: I tensorflow/compiler/mlir/mlir_graph_optimization_pass.cc:185] None of the MLIR Optimization Passes are enabled (registered 2)
2021-10-05 11:26:29.763577: I tensorflow/compiler/mlir/mlir_graph_optimization_pass.cc:185] None of the MLIR Optimization Passes are enabled (registered 2)
2021-10-05 11:26:29.764604: I tensorflow/compiler/mlir/mlir_graph_optimization_pass.cc:185] None of the MLIR Optimization Passes are enabled (registered 2)
2021-10-05 11:26:29.770591: I tensorflow/compiler/mlir/mlir_graph_optimization_pass.cc:185] None of the MLIR Optimization Passes are enabled (registered 2)
2021-10-05 11:26:29.791806: I tensorflow/compiler/mlir/mlir_graph_optimization_pass.cc:185] None of the MLIR Optimization Passes are enabled (registered 2)
2021-10-05 11:26:29.823918: I tensorflow/compiler/mlir/mlir_graph_optimization_pass.cc:185] None of the MLIR Optimization Passes are enabled (registered 2)
2021-10-05 11:26:30.516161: I tensorflow/stream_executor/cuda/cuda_dnn.cc:369] Loaded cuDNN version 8200
2021-10-05 11:26:30.530800: I tensorflow/stream_executor/cuda/cuda_dnn.cc:369] Loaded cuDNN version 8200
2021-10-05 11:26:30.592626: I tensorflow/stream_executor/cuda/cuda_dnn.cc:369] Loaded cuDNN version 8200
2021-10-05 11:26:30.624852: I tensorflow/stream_executor/cuda/cuda_dnn.cc:369] Loaded cuDNN version 8200
2021-10-05 11:26:30.596793: I tensorflow/stream_executor/cuda/cuda_dnn.cc:369] Loaded cuDNN version 8200
2021-10-05 11:26:30.603286: I tensorflow/stream_executor/cuda/cuda_dnn.cc:369] Loaded cuDNN version 8200
2021-10-05 11:26:30.593263: I tensorflow/stream_executor/cuda/cuda_dnn.cc:369] Loaded cuDNN version 8200
2021-10-05 11:26:30.609189: I tensorflow/stream_executor/cuda/cuda_dnn.cc:369] Loaded cuDNN version 8200
2021-10-05 11:26:33.534992: I tensorflow/stream_executor/cuda/cuda_blas.cc:1760] TensorFloat-32 will be used for the matrix multiplication. This will only be logged once.
2021-10-05 11:26:33.536720: I tensorflow/stream_executor/cuda/cuda_blas.cc:1760] TensorFloat-32 will be used for the matrix multiplication. This will only be logged once.
2021-10-05 11:26:33.537729: I tensorflow/stream_executor/cuda/cuda_blas.cc:1760] TensorFloat-32 will be used for the matrix multiplication. This will only be logged once.
2021-10-05 11:26:33.596964: I tensorflow/stream_executor/cuda/cuda_blas.cc:1760] TensorFloat-32 will be used for the matrix multiplication. This will only be logged once.
2021-10-05 11:26:33.631027: I tensorflow/stream_executor/cuda/cuda_blas.cc:1760] TensorFloat-32 will be used for the matrix multiplication. This will only be logged once.
2021-10-05 11:26:33.635476: I tensorflow/stream_executor/cuda/cuda_blas.cc:1760] TensorFloat-32 will be used for the matrix multiplication. This will only be logged once.
2021-10-05 11:26:33.695080: I tensorflow/stream_executor/cuda/cuda_blas.cc:1760] TensorFloat-32 will be used for the matrix multiplication. This will only be logged once.
2021-10-05 11:26:33.914597: I tensorflow/stream_executor/cuda/cuda_blas.cc:1760] TensorFloat-32 will be used for the matrix multiplication. This will only be logged once.
Epoch: 0 	Loss: 44.357 	Time/epoch: 12
Epoch: 1 	Loss: 17.821 	Time/epoch: 0.545
Epoch: 2 	Loss: 12.368 	Time/epoch: 0.549
Epoch: 3 	Loss: 11.026 	Time/epoch: 0.541
Epoch: 4 	Loss: 9.376 	Time/epoch: 0.546
Epoch: 5 	Loss: 9.406 	Time/epoch: 0.539
Epoch: 6 	Loss: 8.658 	Time/epoch: 0.534
Epoch: 7 	Loss: 8.137 	Time/epoch: 0.545
Epoch: 8 	Loss: 7.917 	Time/epoch: 0.527
Epoch: 9 	Loss: 7.341 	Time/epoch: 0.547
Average epoch training time: 0.541 seconds
