[thetagpu24:250280] Warning: could not find environment variable "PYTHONPATH"
[1633398575.928665] [thetagpu24:250289:0]    ucp_context.c:735  UCX  WARN  transports 'cuda_copy','cuda_ipc' are not available, please use one or more of: cma, dc, dc_mlx5, dc_x, ib, knem, mm, posix, rc, rc_mlx5, rc_v, rc_verbs, rc_x, self, shm, sm, sysv, tcp, ud, ud_mlx5, ud_v, ud_verbs, ud_x
[1633398575.929067] [thetagpu24:250288:0]    ucp_context.c:735  UCX  WARN  transports 'cuda_copy','cuda_ipc' are not available, please use one or more of: cma, dc, dc_mlx5, dc_x, ib, knem, mm, posix, rc, rc_mlx5, rc_v, rc_verbs, rc_x, self, shm, sm, sysv, tcp, ud, ud_mlx5, ud_v, ud_verbs, ud_x
2021-10-04 20:49:36.563999: E tensorflow/stream_executor/cuda/cuda_driver.cc:271] failed call to cuInit: CUDA_ERROR_NO_DEVICE: no CUDA-capable device is detected
2021-10-04 20:49:36.564069: I tensorflow/stream_executor/cuda/cuda_diagnostics.cc:169] retrieving CUDA diagnostic information for host: thetagpu24
2021-10-04 20:49:36.564077: I tensorflow/stream_executor/cuda/cuda_diagnostics.cc:176] hostname: thetagpu24
2021-10-04 20:49:36.564245: I tensorflow/stream_executor/cuda/cuda_diagnostics.cc:200] libcuda reported version is: 450.142.0
2021-10-04 20:49:36.564270: I tensorflow/stream_executor/cuda/cuda_diagnostics.cc:204] kernel reported version is: 450.142.0
2021-10-04 20:49:36.564277: I tensorflow/stream_executor/cuda/cuda_diagnostics.cc:310] kernel version seems to match DSO: 450.142.0
2021-10-04 20:49:36.564779: I tensorflow/core/platform/cpu_feature_guard.cc:142] This TensorFlow binary is optimized with oneAPI Deep Neural Network Library (oneDNN) to use the following CPU instructions in performance-critical operations:  SSE3 SSE4.1 SSE4.2 AVX AVX2 FMA
To enable them in other operations, rebuild TensorFlow with the appropriate compiler flags.
2021-10-04 20:49:36.591483: E tensorflow/stream_executor/cuda/cuda_driver.cc:271] failed call to cuInit: CUDA_ERROR_NO_DEVICE: no CUDA-capable device is detected
2021-10-04 20:49:36.591608: I tensorflow/stream_executor/cuda/cuda_diagnostics.cc:169] retrieving CUDA diagnostic information for host: thetagpu24
2021-10-04 20:49:36.591616: I tensorflow/stream_executor/cuda/cuda_diagnostics.cc:176] hostname: thetagpu24
2021-10-04 20:49:36.591806: I tensorflow/stream_executor/cuda/cuda_diagnostics.cc:200] libcuda reported version is: 450.142.0
2021-10-04 20:49:36.591862: I tensorflow/stream_executor/cuda/cuda_diagnostics.cc:204] kernel reported version is: 450.142.0
2021-10-04 20:49:36.591870: I tensorflow/stream_executor/cuda/cuda_diagnostics.cc:310] kernel version seems to match DSO: 450.142.0
2021-10-04 20:49:36.592426: I tensorflow/core/platform/cpu_feature_guard.cc:142] This TensorFlow binary is optimized with oneAPI Deep Neural Network Library (oneDNN) to use the following CPU instructions in performance-critical operations:  SSE3 SSE4.1 SSE4.2 AVX AVX2 FMA
To enable them in other operations, rebuild TensorFlow with the appropriate compiler flags.
2021-10-04 20:49:39.347125: I tensorflow/compiler/mlir/mlir_graph_optimization_pass.cc:185] None of the MLIR Optimization Passes are enabled (registered 2)
2021-10-04 20:49:39.649267: I tensorflow/compiler/mlir/mlir_graph_optimization_pass.cc:185] None of the MLIR Optimization Passes are enabled (registered 2)
Epoch: 0 	Loss: 123.186 	Time/epoch: 80.7
Epoch: 1 	Loss: 52.737 	Time/epoch: 78
Epoch: 2 	Loss: 39.648 	Time/epoch: 77.7
Epoch: 3 	Loss: 34.387 	Time/epoch: 77.1
Epoch: 4 	Loss: 28.603 	Time/epoch: 78.3
Epoch: 5 	Loss: 25.330 	Time/epoch: 76.9
Epoch: 6 	Loss: 22.358 	Time/epoch: 77.4
Epoch: 7 	Loss: 22.376 	Time/epoch: 77.1
Epoch: 8 	Loss: 18.759 	Time/epoch: 77.5
Epoch: 9 	Loss: 17.450 	Time/epoch: 77.5
Average epoch training time: 77.4 seconds
