2021-10-04 20:00:40.774315: I tensorflow/core/platform/cpu_feature_guard.cc:142] This TensorFlow binary is optimized with oneAPI Deep Neural Network Library (oneDNN) to use the following CPU instructions in performance-critical operations:  SSE3 SSE4.1 SSE4.2 AVX AVX2 FMA
To enable them in other operations, rebuild TensorFlow with the appropriate compiler flags.
2021-10-04 20:00:40.778846: I tensorflow/core/platform/cpu_feature_guard.cc:142] This TensorFlow binary is optimized with oneAPI Deep Neural Network Library (oneDNN) to use the following CPU instructions in performance-critical operations:  SSE3 SSE4.1 SSE4.2 AVX AVX2 FMA
To enable them in other operations, rebuild TensorFlow with the appropriate compiler flags.
2021-10-04 20:00:40.779853: I tensorflow/core/platform/cpu_feature_guard.cc:142] This TensorFlow binary is optimized with oneAPI Deep Neural Network Library (oneDNN) to use the following CPU instructions in performance-critical operations:  SSE3 SSE4.1 SSE4.2 AVX AVX2 FMA
To enable them in other operations, rebuild TensorFlow with the appropriate compiler flags.
2021-10-04 20:00:40.781406: I tensorflow/core/platform/cpu_feature_guard.cc:142] This TensorFlow binary is optimized with oneAPI Deep Neural Network Library (oneDNN) to use the following CPU instructions in performance-critical operations:  SSE3 SSE4.1 SSE4.2 AVX AVX2 FMA
To enable them in other operations, rebuild TensorFlow with the appropriate compiler flags.
2021-10-04 20:00:41.503488: I tensorflow/core/common_runtime/gpu/gpu_device.cc:1510] Created device /job:localhost/replica:0/task:0/device:GPU:0 with 38427 MB memory:  -> device: 3, name: A100-SXM4-40GB, pci bus id: 0000:4e:00.0, compute capability: 8.0
2021-10-04 20:00:41.508650: I tensorflow/core/common_runtime/gpu/gpu_device.cc:1510] Created device /job:localhost/replica:0/task:0/device:GPU:0 with 38427 MB memory:  -> device: 0, name: A100-SXM4-40GB, pci bus id: 0000:07:00.0, compute capability: 8.0
2021-10-04 20:00:41.527117: I tensorflow/core/common_runtime/gpu/gpu_device.cc:1510] Created device /job:localhost/replica:0/task:0/device:GPU:0 with 38427 MB memory:  -> device: 2, name: A100-SXM4-40GB, pci bus id: 0000:47:00.0, compute capability: 8.0
2021-10-04 20:00:41.530088: I tensorflow/core/common_runtime/gpu/gpu_device.cc:1510] Created device /job:localhost/replica:0/task:0/device:GPU:0 with 38427 MB memory:  -> device: 1, name: A100-SXM4-40GB, pci bus id: 0000:0f:00.0, compute capability: 8.0
2021-10-04 20:00:43.646851: I tensorflow/compiler/mlir/mlir_graph_optimization_pass.cc:185] None of the MLIR Optimization Passes are enabled (registered 2)
2021-10-04 20:00:43.655577: I tensorflow/compiler/mlir/mlir_graph_optimization_pass.cc:185] None of the MLIR Optimization Passes are enabled (registered 2)
2021-10-04 20:00:43.702684: I tensorflow/compiler/mlir/mlir_graph_optimization_pass.cc:185] None of the MLIR Optimization Passes are enabled (registered 2)
2021-10-04 20:00:43.722856: I tensorflow/compiler/mlir/mlir_graph_optimization_pass.cc:185] None of the MLIR Optimization Passes are enabled (registered 2)
2021-10-04 20:00:44.371693: I tensorflow/stream_executor/cuda/cuda_dnn.cc:369] Loaded cuDNN version 8200
2021-10-04 20:00:44.381530: I tensorflow/stream_executor/cuda/cuda_dnn.cc:369] Loaded cuDNN version 8200
2021-10-04 20:00:44.419917: I tensorflow/stream_executor/cuda/cuda_dnn.cc:369] Loaded cuDNN version 8200
2021-10-04 20:00:44.435794: I tensorflow/stream_executor/cuda/cuda_dnn.cc:369] Loaded cuDNN version 8200
2021-10-04 20:00:45.872112: I tensorflow/stream_executor/cuda/cuda_blas.cc:1760] TensorFloat-32 will be used for the matrix multiplication. This will only be logged once.
2021-10-04 20:00:45.872678: I tensorflow/stream_executor/cuda/cuda_blas.cc:1760] TensorFloat-32 will be used for the matrix multiplication. This will only be logged once.
2021-10-04 20:00:45.905971: I tensorflow/stream_executor/cuda/cuda_blas.cc:1760] TensorFloat-32 will be used for the matrix multiplication. This will only be logged once.
2021-10-04 20:00:45.952132: I tensorflow/stream_executor/cuda/cuda_blas.cc:1760] TensorFloat-32 will be used for the matrix multiplication. This will only be logged once.
Epoch: 0 	Loss: 73.138634 	Time/epoch: 7.53
Epoch: 1 	Loss: 27.602251 	Time/epoch: 0.889
Epoch: 2 	Loss: 21.681326 	Time/epoch: 0.792
Epoch: 3 	Loss: 18.105669 	Time/epoch: 0.65
Epoch: 4 	Loss: 15.614232 	Time/epoch: 0.828
Epoch: 5 	Loss: 14.488369 	Time/epoch: 0.895
Epoch: 6 	Loss: 13.509089 	Time/epoch: 0.9
Epoch: 7 	Loss: 12.386516 	Time/epoch: 0.865
Epoch: 8 	Loss: 11.809821 	Time/epoch: 0.859
Epoch: 9 	Loss: 10.719910 	Time/epoch: 0.767
Average epoch training time: 0.819 seconds
