[thetagpu24:246786] Warning: could not find environment variable "PYTHONPATH"
[1633398492.372616] [thetagpu24:246795:0]    ucp_context.c:735  UCX  WARN  transports 'cuda_copy','cuda_ipc' are not available, please use one or more of: cma, dc, dc_mlx5, dc_x, ib, knem, mm, posix, rc, rc_mlx5, rc_v, rc_verbs, rc_x, self, shm, sm, sysv, tcp, ud, ud_mlx5, ud_v, ud_verbs, ud_x
[1633398492.372633] [thetagpu24:246798:0]    ucp_context.c:735  UCX  WARN  transports 'cuda_copy','cuda_ipc' are not available, please use one or more of: cma, dc, dc_mlx5, dc_x, ib, knem, mm, posix, rc, rc_mlx5, rc_v, rc_verbs, rc_x, self, shm, sm, sysv, tcp, ud, ud_mlx5, ud_v, ud_verbs, ud_x
[1633398492.372687] [thetagpu24:246796:0]    ucp_context.c:735  UCX  WARN  transports 'cuda_copy','cuda_ipc' are not available, please use one or more of: cma, dc, dc_mlx5, dc_x, ib, knem, mm, posix, rc, rc_mlx5, rc_v, rc_verbs, rc_x, self, shm, sm, sysv, tcp, ud, ud_mlx5, ud_v, ud_verbs, ud_x
[1633398492.372986] [thetagpu24:246797:0]    ucp_context.c:735  UCX  WARN  transports 'cuda_copy','cuda_ipc' are not available, please use one or more of: cma, dc, dc_mlx5, dc_x, ib, knem, mm, posix, rc, rc_mlx5, rc_v, rc_verbs, rc_x, self, shm, sm, sysv, tcp, ud, ud_mlx5, ud_v, ud_verbs, ud_x
2021-10-04 20:48:13.222004: E tensorflow/stream_executor/cuda/cuda_driver.cc:271] failed call to cuInit: CUDA_ERROR_NO_DEVICE: no CUDA-capable device is detected
2021-10-04 20:48:13.222061: I tensorflow/stream_executor/cuda/cuda_diagnostics.cc:169] retrieving CUDA diagnostic information for host: thetagpu24
2021-10-04 20:48:13.222068: I tensorflow/stream_executor/cuda/cuda_diagnostics.cc:176] hostname: thetagpu24
2021-10-04 20:48:13.222135: I tensorflow/stream_executor/cuda/cuda_diagnostics.cc:200] libcuda reported version is: 450.142.0
2021-10-04 20:48:13.222155: I tensorflow/stream_executor/cuda/cuda_diagnostics.cc:204] kernel reported version is: 450.142.0
2021-10-04 20:48:13.222160: I tensorflow/stream_executor/cuda/cuda_diagnostics.cc:310] kernel version seems to match DSO: 450.142.0
2021-10-04 20:48:13.222600: I tensorflow/core/platform/cpu_feature_guard.cc:142] This TensorFlow binary is optimized with oneAPI Deep Neural Network Library (oneDNN) to use the following CPU instructions in performance-critical operations:  SSE3 SSE4.1 SSE4.2 AVX AVX2 FMA
To enable them in other operations, rebuild TensorFlow with the appropriate compiler flags.
2021-10-04 20:48:13.223427: E tensorflow/stream_executor/cuda/cuda_driver.cc:271] failed call to cuInit: CUDA_ERROR_NO_DEVICE: no CUDA-capable device is detected
2021-10-04 20:48:13.223477: I tensorflow/stream_executor/cuda/cuda_diagnostics.cc:169] retrieving CUDA diagnostic information for host: thetagpu24
2021-10-04 20:48:13.223486: I tensorflow/stream_executor/cuda/cuda_diagnostics.cc:176] hostname: thetagpu24
2021-10-04 20:48:13.223560: I tensorflow/stream_executor/cuda/cuda_diagnostics.cc:200] libcuda reported version is: 450.142.0
2021-10-04 20:48:13.223581: I tensorflow/stream_executor/cuda/cuda_diagnostics.cc:204] kernel reported version is: 450.142.0
2021-10-04 20:48:13.223697: I tensorflow/stream_executor/cuda/cuda_diagnostics.cc:310] kernel version seems to match DSO: 450.142.0
2021-10-04 20:48:13.224110: I tensorflow/core/platform/cpu_feature_guard.cc:142] This TensorFlow binary is optimized with oneAPI Deep Neural Network Library (oneDNN) to use the following CPU instructions in performance-critical operations:  SSE3 SSE4.1 SSE4.2 AVX AVX2 FMA
To enable them in other operations, rebuild TensorFlow with the appropriate compiler flags.
2021-10-04 20:48:13.226629: E tensorflow/stream_executor/cuda/cuda_driver.cc:271] failed call to cuInit: CUDA_ERROR_NO_DEVICE: no CUDA-capable device is detected
2021-10-04 20:48:13.226681: I tensorflow/stream_executor/cuda/cuda_diagnostics.cc:169] retrieving CUDA diagnostic information for host: thetagpu24
2021-10-04 20:48:13.226767: I tensorflow/stream_executor/cuda/cuda_diagnostics.cc:176] hostname: thetagpu24
2021-10-04 20:48:13.226834: I tensorflow/stream_executor/cuda/cuda_diagnostics.cc:200] libcuda reported version is: 450.142.0
2021-10-04 20:48:13.226880: I tensorflow/stream_executor/cuda/cuda_diagnostics.cc:204] kernel reported version is: 450.142.0
2021-10-04 20:48:13.226966: I tensorflow/stream_executor/cuda/cuda_diagnostics.cc:310] kernel version seems to match DSO: 450.142.0
2021-10-04 20:48:13.227394: I tensorflow/core/platform/cpu_feature_guard.cc:142] This TensorFlow binary is optimized with oneAPI Deep Neural Network Library (oneDNN) to use the following CPU instructions in performance-critical operations:  SSE3 SSE4.1 SSE4.2 AVX AVX2 FMA
To enable them in other operations, rebuild TensorFlow with the appropriate compiler flags.
2021-10-04 20:48:13.227411: E tensorflow/stream_executor/cuda/cuda_driver.cc:271] failed call to cuInit: CUDA_ERROR_NO_DEVICE: no CUDA-capable device is detected
2021-10-04 20:48:13.227464: I tensorflow/stream_executor/cuda/cuda_diagnostics.cc:169] retrieving CUDA diagnostic information for host: thetagpu24
2021-10-04 20:48:13.227471: I tensorflow/stream_executor/cuda/cuda_diagnostics.cc:176] hostname: thetagpu24
2021-10-04 20:48:13.227554: I tensorflow/stream_executor/cuda/cuda_diagnostics.cc:200] libcuda reported version is: 450.142.0
2021-10-04 20:48:13.227574: I tensorflow/stream_executor/cuda/cuda_diagnostics.cc:204] kernel reported version is: 450.142.0
2021-10-04 20:48:13.227579: I tensorflow/stream_executor/cuda/cuda_diagnostics.cc:310] kernel version seems to match DSO: 450.142.0
2021-10-04 20:48:13.227994: I tensorflow/core/platform/cpu_feature_guard.cc:142] This TensorFlow binary is optimized with oneAPI Deep Neural Network Library (oneDNN) to use the following CPU instructions in performance-critical operations:  SSE3 SSE4.1 SSE4.2 AVX AVX2 FMA
To enable them in other operations, rebuild TensorFlow with the appropriate compiler flags.
2021-10-04 20:48:15.303434: I tensorflow/compiler/mlir/mlir_graph_optimization_pass.cc:185] None of the MLIR Optimization Passes are enabled (registered 2)
2021-10-04 20:48:15.305297: I tensorflow/compiler/mlir/mlir_graph_optimization_pass.cc:185] None of the MLIR Optimization Passes are enabled (registered 2)
2021-10-04 20:48:15.308134: I tensorflow/compiler/mlir/mlir_graph_optimization_pass.cc:185] None of the MLIR Optimization Passes are enabled (registered 2)
2021-10-04 20:48:15.313830: I tensorflow/compiler/mlir/mlir_graph_optimization_pass.cc:185] None of the MLIR Optimization Passes are enabled (registered 2)
Epoch: 0 	Loss: 66.141 	Time/epoch: 8.25
Epoch: 1 	Loss: 27.166 	Time/epoch: 5.9
Epoch: 2 	Loss: 20.444 	Time/epoch: 5.83
Epoch: 3 	Loss: 17.585 	Time/epoch: 5.92
Epoch: 4 	Loss: 15.810 	Time/epoch: 5.81
Epoch: 5 	Loss: 13.973 	Time/epoch: 5.78
Epoch: 6 	Loss: 11.662 	Time/epoch: 5.85
Epoch: 7 	Loss: 11.407 	Time/epoch: 5.81
Epoch: 8 	Loss: 11.070 	Time/epoch: 5.81
Epoch: 9 	Loss: 10.474 	Time/epoch: 5.89
Average epoch training time: 5.84 seconds
